Take info from: 389121004x457 
1004x457 
1004x457 
1004x457 
720x879 
717x879 
683x833 LMK 
759x725 
413x374 
242x243 
657x402 
863x661 
865x664 
691x354 
691x354 
735x594 
738x610 
738x610 
697x338 LMK 
724x471 
769x700 LMK 
769x692 
804x218 
775x363 
775x363 
775x363 
775x363 
775x363 
775x363 LMK 
775x363 
775x363 
775x363 LMK 
775x363 
779x364 RMK 
779x364 RMK 
769x364 
769x364 
415x352 
415x352 
866x416 
866x416 
866x416 
866x416 
866x416 
866x416 
867x424 
867x424 LMK 
867x424 
867x424 LMK 
867x424 LMK 
867x424 
942x410 
957x357 
957x357 
957x357 LMK 
957x357 
601x329 
111x109 
684x399 
1352x551 
1368x502 
1236x290 
1236x290 
1236x290 
1236x290 
858x386 
232x469 
283x392 
532x414 
769x380 
769x380 
959x409 
1107x418 
876x329 
876x329 LMK 
876x329 LMK 
1304x426 
1466x415 
1238x231 
1142x270 LMK 
1142x270 
639x587 
186x446 
186x446 
908x428 
912x428 
912x428 LMK 
912x428 
963x455 
956x455 
956x455 RMK 
299x272 
298x272 LMK 
298x272 LMK 
374x276 
940x235 
940x235 
940x235 
940x235 
940x235 
679x372 
455x456 
218x690 
769x395 
684x407 
584x600 
560x594 
563x606 
563x606 
512x523 
525x322 
596x773 
598x664 
291x546 
297x633 
297x633 
430x672 
857x592 
916x395 
691x293 
689x338 
Take info from: 192.168.0.1161331x54 
765x515 
765x515 
710x577 
710x577 
710x577 
710x577 
710x579 
708x886 
709x889 
654x811 
749x693 
337x352 
475x639 
455x576 
455x576 
706x762 
706x754 
706x751 
1016x708 
256x311 
617x404 
1038x831 
1097x734 
1179x251 
506x549 
251x380 
251x379 
251x379 
251x379 
251x379 
1180x743 
1246x699 
1143x264 
689x296 
110x198 
130x187 
131x187 LMK 
131x187 
622x341 
622x341 
622x335 
622x335 
622x325 
622x325 
622x325 
622x325 
622x325 
622x325 
622x325 
622x325 
622x325 
622x325 
622x325 
622x325 
622x325 
622x325 
622x325 
622x325 
622x325 
622x325 
622x325 
622x325 
622x325 
622x325 
622x325 
622x234 
582x79 
582x77 
802x352 
802x352 
802x352 
802x352 
802x352 
802x352 
802x352 
802x352 
802x352 
802x352 
802x352 
662x192 
716x78 
716x78 
843x317 
843x317 
843x317 
843x317 
843x317 
843x317 
837x308 
837x308 
837x308 
837x308 
837x308 
837x308 
837x308 
532x91 
564x86 
957x293 
935x311 
1035x285 
1032x278 LMK 
1032x278 
1031x285 
1031x285 
1031x285 
1031x285 
1031x285 
1486x0 
1456x58 
1453x55 
Take info from: 192.168.0.116
758x662 
758x662 
758x662 
758x662 
704x885 
704x886 
732x825 
679x824 LMK 
701x720 
258x117 
880x752 
760x683 
744x680 
744x680 
945x767 
321x287 
667x746 
837x710 
837x710 
632x623 
461x669 
461x667 
461x667 
461x667 
295x672 
365x760 
365x760 
365x756 
366x744 
48x394 
904x692 
1069x263 
324x248 
139x195 
705x623 
953x822 
623x499 
175x94 
970x602 
1183x750 
481x265 
179x136 
438x388 
659x555 
1010x767 
347x364 
79x151 
162x216 
463x360 
1186x757 
1347x492 
1249x271 
750x426 
135x309 
265x356 
823x663 
1023x744 
1123x601 
985x418 
365x375 
151x168 
227x321 
378x514 
765x779 
1021x757 
527x578 
177x343 
112x178 
563x526 
885x711 
1179x745 
738x556 
486x422 
121x202 
345x446 
683x664 
945x678 
249x294 
157x197 
513x454 
1018x710 
1268x793 
1401x301 
667x646 
180x406 
70x165 
313x712 
537x716 
537x716 
89x325 
90x270 
514x630 
693x595 
739x582 
1158x694 
369x344 
14x169 
498x479 
795x787 
993x694 
993x694 
993x694 
993x694 
993x694 
993x694 
993x694 
993x694 
408x383 
27x106 
281x483 
522x806 
1062x666 
1176x647 
285x279 
267x265 
85x242 
186x469 
282x507 
378x590 
387x599 
387x599 
-----------------------
Take info from: 127.0.0.1
978x438 
978x438 
978x438 
889x697 
709x899 
574x728 
574x728 
673x714 
673x714 
673x714 
673x714 
673x706 
290x322 
626x557 
625x559 
625x559 LMK 
625x559 LMK 
625x559 
947x604 
391x316 
391x316 
391x316 RMK 
391x316 
390x316 
951x393 
1038x370 
1038x370 
1038x370 RMK 
1038x370 
421x241 
629x254 
629x254 
629x254 
629x254 
796x272 
796x272 
796x272 
796x272 
796x272 
796x272 
796x272 LMK 
796x272 
796x272 
796x272 LMK 
796x272 
796x272 
798x272 
798x272 
798x272 
798x272 
798x272 LMK 
800x272 
800x272 
800x272 
578x401 
809x419 
737x315 
578x492 
319x247 
1292x603 
627x542 
1074x379 
1074x373 
1073x362 
1073x489 
1070x468 
1070x468 
1083x206 
1083x193 
1083x193 
1082x165 
1082x165 
1082x165 
1082x165 
1082x165 
1080x169 
1080x169 
1080x169 
1080x169 
1080x169 
1080x169 
1080x169 
1080x169 
1076x91 
1073x56 
1083x88 
1208x330 
1208x330 
701x232 
672x199 
1101x351 
568x203 
798x277 
798x278 LMK 
798x278 
798x278 
802x279 
803x279 
802x280 
772x265 
772x265 
772x265 
774x265 RMK 
773x265 
1059x397 
1371x295 
1341x295 
1341x295 LMK 
1341x295 
770x302 
770x302 LMK 
774x302 RMK 
774x302 
768x302 
697x234 LMK 
697x234 
697x234 
697x234 
697x234 
697x234 
697x234 
-----------------------
Take info from: 127.0.0.1
939x624 
898x265 
816x270 
1641x523 
1650x429 
1397x399 
1071x583 
965x434 
1174x594 
1695x760 
1541x845 
900x962 
220x552 
845x220 
1222x673 
1222x672 
780x895 845x894 849x894 895x882 1066x782 1066x782 1066x782 1023x388 1043x387 LMK 1206x358 LMK 1053x343 862x296 1308x356 1302x366 1020x842 963x868 963x868 1222x391 781x411 LMK 1235x363 1195x592 1198x598 1198x597 
1198x597 
1198x597 
1279x751 
1340x352 LMK 
991x460 
987x802 
882x847 
888x846 
1374x886 
1387x835 
945x891 
852x287 
861x671 
863x679 
1193x936 
1204x934 
1634x996 
1632x992 
1807x955 
1797x948 LMK 
1744x946 
1745x943 
1745x942 
1745x942 
1744x942 
1744x942 
1744x941 RMK 
1744x941 
1792x893 LMK 
1792x892 RMK 
1779x916 
1788x902 
1788x902 
1406x967 
1703x946 
1720x958 
1509x962 
1646x959 
1646x959 
1646x958 LMK 
1646x958 
1645x958 
1645x958 LMK 
1645x958 LMK 
1645x958 LMK 
1645x958 LMK 
1645x958 LMK 
1645x958 LMK 
1645x958 LMK 
1645x958 LMK 
1645x958 RMK 
1645x958 RMK 
1645x958 RMK 
1645x958 LMK 
1645x958 LMK 
1645x958 LMK 
1644x958 RMK 
1644x958 RMK 
1644x958 RMK 
1644x958 LMK 
1644x958 
1644x958 RMK 
1644x958 LMK 
1644x958 
1644x958 
1644x958 LMK 
1644x958 RMK 
1643x958 
1643x958 
1643x957 RMK 
1643x957 LMK 
1643x957 RMK 
1643x957 LMK 
1643x957 RMK 
1642x957 LMK 
1642x957 RMK 
1642x957 LMK 
1642x957 RMK 
1642x957 
1642x957 
1642x957 
1642x957 
-----------------------
Take info from: 127.0.0.1
650x910 
650x909 
650x909 
688x403 
689x184 
859x176 
1246x97 LMK 
365x650 
333x675 
331x670 
450x438 LMK 
861x96 
862x73 LMK 
614x777 
365x423 RMK 
385x506 
429x705 
354x516 
356x515 
363x506 LMK 
363x506 
363x506 
306x443 
295x454 RMK 
295x455 
77x511 
148x499 LMK 
149x503 
346x563 RMK 
346x563 
1665x454 
1657x453 RMK 
1657x453 
1307x356 LMK 
1307x356 
1345x418 RMK 
1406x449 
1337x332 LMK 
1337x332 LMK 
1205x443 
1125x478 RMK 
1126x478 
1232x291 LMK 
1231x291 
1062x433 
1066x426 X1B 
1065x427 
1065x485 
1160x502 X2B 
1161x502 
1159x503 X1B 
1154x505 
1173x519 X2B 
967x545 
931x540 
930x540 
1111x495 
1111x495 
1110x495 RMK 
1110x495 
1168x385 
1167x385 
1160x438 LMK 
1160x438 LMK 
1063x403 
1251x380 RMK 
1251x380 
1145x472 
1145x472 X1B 
1056x641 
1115x621 X2B 
1086x572 
488x379 
266x462 
355x479 
391x451 X1B 
499x522 X1B 
855x562 
899x488 X2B 
963x495 X1B 
966x492 
966x492 
962x491 
963x490 
959x489 
957x490 X1B 
957x490 X1B 
957x490 X1B 
957x490 X1B 
957x490 X1B 
965x494 X2B 
965x494 X2B 
965x494 X1B 
957x490 
957x490 
957x490 
957x490 
957x490 X1B 
957x490 X2B 
957x490 
957x490 X1B 
957x490 X2B 
957x490 
957x490 X1B 
957x490 X2B 
957x490 
957x490 
957x490 X2B 
957x490 X1B 
957x490 
957x490 
957x490 
957x490 X2B 
957x490 
957x490 
957x490 X1B 
957x490 
957x491 X2B 
957x491 
957x491 
957x491 
-----------------------
Take info from: 127.0.0.1
992x93 
1073x114 
555x717 
911x1019 
954x1061 
1031x971 
836x763 
636x805 
569x471 
239x587 
239x583 LMK 
249x585 
704x113 
740x39 LMK 
388x746 
328x485 RMK 
337x492 
1137x711 
1071x594 
1071x594 LMK 
1070x594 
1056x579 LMK 
1056x579 LMK 
1056x579 LMK 
333x520 
311x504 RMK 
311x504 RMK 
311x504 
1037x537 
1031x518 LMK 
1031x518 
310x448 
308x441 RMK 
308x441 RMK 
322x443 
1176x506 
1175x505 LMK 
1135x500 
379x426 
378x425 RMK 
378x425 RMK 
378x425 RMK 
390x422 
1264x500 LMK 
1264x499 LMK 
1264x499 
1263x499 RMK 
1263x499 RMK 
1263x499 RMK 
332x461 
333x445 LMK 
333x445 LMK 
333x445 RMK 
333x445 RMK 
333x445 
531x323 
1091x487 
1096x461 X1B 
1096x461 
973x418 
888x449 
913x445 
944x449 X2B 
944x450 
944x450 
944x450 
944x450 
944x450 X2B 
944x450 
935x448 
933x448 X1B 
933x448 X1B 
924x447 
926x446 X2B 
925x446 
460x412 
1279x498 
924x501 
1166x500 
1172x500 X2B 
1172x500 
1172x500 X2B 
1172x500 
1173x500 
1173x500 
1173x499 X2B 
1173x499 
1173x499 
1173x499 LMK 
1173x499 RMK 
1172x500 RMK 
1172x500 LMK 
680x447 
489x434 
1080x292 
1080x292 RMK 
1357x437 
1671x510 
1671x508 RMK 
1671x508 
424x414 
412x403 LMK 
413x403 
1183x419 RMK 
1182x419 
1137x208 
1291x249 LMK 
1331x456 
1331x456 RMK 
1180x281 
1180x281 LMK 
1407x439 
1569x423 RMK 
1569x423 RMK 
1190x316 
1191x315 LMK 
1191x315 
1191x315 RMK 
1335x221 
1707x213 
1707x213 RMK 
-----------------------
Take info from: 192.168.0.174
1020x591 
1020x591 
730x899 
953x1071 
589x624 
752x645 
791x653 
349x351 
221x254 
1050x497 
1185x494 X1B 
1183x497 
1001x429 X2B 
798x445 X2B 
1016x437 X1B 
1016x437 X1B 
984x555 
983x563 X1B 
789x688 X1B 
790x684 
807x729 X2B 
810x728 X2B 
810x728 
810x728 X2B 
810x728 
810x727 X1B 
810x727 
816x724 X2B 
816x724 X2B 
816x726 X1B 
816x725 X1B 
816x725 X1B 
816x725 
478x740 
201x419 LMK 
208x428 
240x464 LMK 
416x537 
357x497 RMK 
357x497 
216x431 
216x430 
113x449 
113x447 RMK 
940x494 
983x497 LMK 
968x489 
967x489 
860x464 
860x463 
663x514 
664x512 
903x496 
903x495 LMK 
902x495 
900x494 RMK 
900x494 
797x455 LMK 
798x455 
854x508 RMK 
854x508 
923x373 
923x373 LMK 
923x373 LMK 
936x461 
935x460 RMK 
935x460 
866x409 LMK 
873x420 
937x466 RMK 
890x381 
885x369 LMK 
913x475 RMK 
911x471 
890x357 LMK 
903x442 
903x442 
914x351 
653x487 
144x252 
87x184 
99x145 
66x114 
68x116 LMK 
269x250 
138x200 
133x121 
113x100 
207x116 
409x111 
426x126 
434x136 
434x135 
1127x243 
275x527 
359x720 
984x540 
1010x523 
971x393 
170x258 
186x273 
870x455 
1030x449 
1048x453 
939x409 
947x383 
950x354 
951x354 
951x350 
951x350 
951x350 
951x350 
951x350 
951x350 
951x350 
951x350 
951x350 
744x309 
951x457 
1065x474 
1067x473 X2B 
-----------------------
Take info from: 192.168.0.174:32545
584x863 
584x863 
584x863 
1078x996 
1024x907 
572x648 
464x561 X1B 
477x578 
1448x967 
889x770 X2B 
520x699 
901x573 
1283x599 X1B 
471x521 
1060x615 
1093x589 LMK 
1264x585 
1014x445 
1136x511 LMK 
1135x511 
1446x566 
1448x564 
941x476 
942x475 
1171x515 
1415x535 RMK 
1362x524 
605x501 
460x457 RMK 
461x457 
534x713 
1428x564 LMK 
981x541 
1061x547 
1127x469 
1126x468 
1118x515 
336x570 
893x567 
1206x560 
900x542 
613x493 
784x444 
784x444 
785x444 X1B 
783x446 
866x644 
927x597 X2B 
927x597 
920x596 
913x587 
895x479 X1B 
895x479 
935x534 X2B 
937x534 
500x449 
472x518 
471x517 
471x517 
423x475 
409x466 
1027x592 LMK 
1027x591 
1244x428 
1243x427 RMK 
1243x427 
1256x393 
1233x333 
911x600 
992x575 X2B 
976x570 
974x568 X1B 
957x562 
960x563 X2B 
961x564 
961x564 
961x564 
961x564 
959x563 
959x563 X1B 
959x563 
958x562 
958x562 X1B 
958x562 X1B 
958x562 
965x569 X2B 
965x568 
961x567 
962x567 
964x567 
964x567 X1B 
963x567 
963x567 X2B 
963x568 X2B 
962x567 
963x567 X1B 
961x567 
961x566 X2B 
961x566 
954x564 
954x564 X2B 
956x565 
956x565 X1B 
955x565 X2B 
955x565 
948x562 
949x562 
937x556 
694x747 
687x750 X1B 
678x753 X1B 
657x757 X2B 
633x758 X1B 
630x762 X2B 
630x762 X2B 
615x754 X1B 
612x758 X2B 
611x759 
1276x601 
1278x600 
288x309 
-----------------------
